INFO  2026-04-14 09:28:48,537 serena.cli:health_check:888 - Starting health check for project: /data/exp/dkzou/dokploy
INFO  2026-04-14 09:28:48,537 serena.cli:health_check:892 - Creating SerenaAgent with disabled dashboard...
INFO  2026-04-14 09:28:48,538 serena.util.file_system:_load_gitignore_files:152 - Processing .gitignore file: /data/exp/dkzou/dokploy/.serena/.gitignore
INFO  2026-04-14 09:28:48,540 serena.util.file_system:_load_gitignore_files:152 - Processing .gitignore file: /data/exp/dkzou/dokploy/apps/api/.gitignore
INFO  2026-04-14 09:28:48,542 serena.util.file_system:_load_gitignore_files:152 - Processing .gitignore file: /data/exp/dkzou/dokploy/apps/dokploy/.gitignore
INFO  2026-04-14 09:28:48,548 serena.agent:__init__:337 - Will record tool usage statistics with token count estimator: CHAR_COUNT.
INFO  2026-04-14 09:28:48,548 serena.util.file_system:_load_gitignore_files:152 - Processing .gitignore file: /data/exp/dkzou/dokploy/apps/monitoring/.gitignore
INFO  2026-04-14 09:28:48,548 serena.util.file_system:_load_gitignore_files:152 - Processing .gitignore file: /data/exp/dkzou/dokploy/apps/schedules/.gitignore
INFO  2026-04-14 09:28:48,551 serena.agent:__init__:341 - Starting Serena server (version=1.1.1, process id=52482, parent process id=52393; language backend=LSP); Python version=3.11.15, platform=Linux-4.19.0-14-amd64-x86_64-with-glibc2.28
INFO  2026-04-14 09:28:48,551 serena.agent:__init__:345 - Configuration file: /home/dkzou/.serena/serena_config.yml
INFO  2026-04-14 09:28:48,551 serena.agent:__init__:346 - Available projects: dokploy
INFO  2026-04-14 09:28:48,551 serena.agent:__init__:347 - Loaded tools (44): read_file, create_text_file, list_dir, find_file, replace_content, delete_lines, replace_lines, insert_at_line, search_for_pattern, restart_language_server, get_symbols_overview, find_symbol, find_referencing_symbols, replace_symbol_body, insert_after_symbol, insert_before_symbol, rename_symbol, safe_delete_symbol, write_memory, read_memory, list_memories, delete_memory, rename_memory, edit_memory, execute_shell_command, open_dashboard, activate_project, remove_project, get_current_config, check_onboarding_performed, onboarding, initial_instructions, jet_brains_find_symbol, jet_brains_move, jet_brains_safe_delete, jet_brains_inline_symbol, jet_brains_find_referencing_symbols, jet_brains_get_symbols_overview, jet_brains_type_hierarchy, jet_brains_find_declaration, jet_brains_find_implementations, jet_brains_rename, list_queryable_projects, query_project
INFO  2026-04-14 09:28:48,552 serena.agent:__init__:359 - Using language backend from global configuration: LSP
INFO  2026-04-14 09:28:48,567 serena.config.serena_config:start:329 - Loading project instance for RegisteredProject[project_root=/data/exp/dkzou/dokploy, project_config=ProjectConfig[project_name=dokploy]] starting ...
INFO  2026-04-14 09:28:48,567 serena.project:__init__:278 - Serena project data folder: /data/exp/dkzou/dokploy/.serena
INFO  2026-04-14 09:28:48,568 serena.project:start:329 - Gathering ignore spec for project dokploy starting ...
INFO  2026-04-14 09:28:48,568 serena.config.serena_config:stop:336 - Loading project instance for RegisteredProject[project_root=/data/exp/dkzou/dokploy, project_config=ProjectConfig[project_name=dokploy]] completed in 0.001 seconds
INFO  2026-04-14 09:28:48,568 serena.util.file_system:start:329 - Loading of .gitignore files starting ...
INFO  2026-04-14 09:28:48,568 serena.agent:activate_project_from_path_or_name:870 - Found registered project 'dokploy' at path /data/exp/dkzou/dokploy
INFO  2026-04-14 09:28:48,569 serena.util.file_system:_load_gitignore_files:152 - Processing .gitignore file: /data/exp/dkzou/dokploy/.gitignore
INFO  2026-04-14 09:28:48,569 serena.agent:_activate_project:817 - Activating dokploy at /data/exp/dkzou/dokploy
INFO  2026-04-14 09:28:48,569 serena.task_executor:issue_task:192 - Scheduling Task-1:init_language_server_manager
INFO  2026-04-14 09:28:48,573 serena.agent:_create_base_toolset:499 - Number of exposed tools: 26
INFO  2026-04-14 09:28:48,574 serena.util.file_system:_load_gitignore_files:152 - Processing .gitignore file: /data/exp/dkzou/dokploy/.serena/.gitignore
INFO  2026-04-14 09:28:48,575 serena.agent:__init__:386 - Number of exposed tools: 26. Exposed tools: ['activate_project', 'check_onboarding_performed', 'create_text_file', 'delete_memory', 'edit_memory', 'execute_shell_command', 'find_file', 'find_referencing_symbols', 'find_symbol', 'get_current_config', 'get_symbols_overview', 'initial_instructions', 'insert_after_symbol', 'insert_before_symbol', 'list_dir', 'list_memories', 'onboarding', 'read_file', 'read_memory', 'rename_memory', 'rename_symbol', 'replace_content', 'replace_symbol_body', 'safe_delete_symbol', 'search_for_pattern', 'write_memory']
INFO  2026-04-14 09:28:48,576 serena.agent:get_mode_names:228 - Active modes: ['editing', 'interactive']
INFO  2026-04-14 09:28:48,580 serena.agent:_update_active_tools:764 - Active tools (26): activate_project, check_onboarding_performed, create_text_file, delete_memory, edit_memory, execute_shell_command, find_file, find_referencing_symbols, find_symbol, get_current_config, get_symbols_overview, initial_instructions, insert_after_symbol, insert_before_symbol, list_dir, list_memories, onboarding, read_file, read_memory, rename_memory, rename_symbol, replace_content, replace_symbol_body, safe_delete_symbol, search_for_pattern, write_memory
INFO  2026-04-14 09:28:48,580 serena.util.file_system:_load_gitignore_files:152 - Processing .gitignore file: /data/exp/dkzou/dokploy/apps/api/.gitignore
INFO  2026-04-14 09:28:48,583 serena.util.file_system:_load_gitignore_files:152 - Processing .gitignore file: /data/exp/dkzou/dokploy/apps/dokploy/.gitignore
INFO  2026-04-14 09:28:48,585 serena.util.file_system:_load_gitignore_files:152 - Processing .gitignore file: /data/exp/dkzou/dokploy/apps/monitoring/.gitignore
INFO  2026-04-14 09:28:48,587 serena.util.file_system:_load_gitignore_files:152 - Processing .gitignore file: /data/exp/dkzou/dokploy/apps/schedules/.gitignore
INFO  2026-04-14 09:28:48,594 serena.util.file_system:_load_gitignore_files:152 - Processing .gitignore file: /data/exp/dkzou/dokploy/packages/server/src/emails/.gitignore
INFO  2026-04-14 09:28:48,610 serena.util.file_system:_load_gitignore_files:152 - Processing .gitignore file: /data/exp/dkzou/dokploy/packages/server/src/emails/.gitignore
INFO  2026-04-14 09:28:48,652 serena.task_executor:_process_task_queue:123 - Starting execution of Task-1:init_language_server_manager
INFO  2026-04-14 09:28:48,652 serena.util.file_system:stop:336 - Loading of .gitignore files completed in 0.118 seconds
INFO  2026-04-14 09:28:48,653 serena.task_executor:start:329 - Task-1:init_language_server_manager starting ...
INFO  2026-04-14 09:28:48,654 serena.project:stop:336 - Gathering ignore spec for project dokploy completed in 0.120 seconds
INFO  2026-04-14 09:28:48,654 serena.agent:start:329 - Language server initialization starting ...
INFO  2026-04-14 09:28:48,655 serena.project:create_language_server_manager:637 - Creating language server manager for /data/exp/dkzou/dokploy
INFO  2026-04-14 09:28:48,655 serena.project:_ignored_patterns:409 - Waiting for ignored patterns to become available ...
INFO  2026-04-14 09:28:48,665 serena.util.file_system:stop:336 - Loading of .gitignore files completed in 0.097 seconds
INFO  2026-04-14 09:28:48,666 serena.project:stop:336 - Gathering ignore spec for project dokploy completed in 0.098 seconds
INFO  2026-04-14 09:28:48,666 serena.project:_ignored_patterns:411 - Ignore patterns are now available for project; proceeding
INFO  2026-04-14 09:28:48,666 sensai.util.logging:start:329 - Language server startup (language=typescript) starting ...
INFO  2026-04-14 09:28:48,666 serena.ls_manager:create_language_server:48 - Creating language server instance for /data/exp/dkzou/dokploy, language=typescript.
ERROR 2026-04-14 09:28:48,773 sensai.util.logging:__exit__:342 - Language server startup (language=typescript) failed after 0.107 seconds
ERROR 2026-04-14 09:28:48,773 serena.ls_manager:_start_language_server:113 - Error starting language server for language typescript: node is not installed or isn't in PATH. Please install NodeJS and try again.
Traceback (most recent call last):
  File "/home/dkzou/.cache/uv/archive-v0/rfL-3reDUgy1RTx3x1tlo/lib/python3.11/site-packages/serena/ls_manager.py", line 108, in _start_language_server
    self.language_server = factory.create_language_server(self.language)
                           ^^^^^^^^^^^^^^^^^^^^^^^^^^^^^^^^^^^^^^^^^^^^^
  File "/home/dkzou/.cache/uv/archive-v0/rfL-3reDUgy1RTx3x1tlo/lib/python3.11/site-packages/serena/ls_manager.py", line 49, in create_language_server
    return SolidLanguageServer.create(
           ^^^^^^^^^^^^^^^^^^^^^^^^^^^
  File "/home/dkzou/.cache/uv/archive-v0/rfL-3reDUgy1RTx3x1tlo/lib/python3.11/site-packages/solidlsp/ls.py", line 470, in create
    ls = ls_class(config, repository_root_path, solidlsp_settings)  # type: ignore
         ^^^^^^^^^^^^^^^^^^^^^^^^^^^^^^^^^^^^^^^^^^^^^^^^^^^^^^^^^
  File "/home/dkzou/.cache/uv/archive-v0/rfL-3reDUgy1RTx3x1tlo/lib/python3.11/site-packages/solidlsp/language_servers/typescript_language_server.py", line 78, in __init__
    super().__init__(
  File "/home/dkzou/.cache/uv/archive-v0/rfL-3reDUgy1RTx3x1tlo/lib/python3.11/site-packages/solidlsp/ls.py", line 544, in __init__
    process_launch_info = self._create_process_launch_info()
                          ^^^^^^^^^^^^^^^^^^^^^^^^^^^^^^^^^^
  File "/home/dkzou/.cache/uv/archive-v0/rfL-3reDUgy1RTx3x1tlo/lib/python3.11/site-packages/solidlsp/ls.py", line 583, in _create_process_launch_info
    cmd = self._dependency_provider.create_launch_command()
          ^^^^^^^^^^^^^^^^^^^^^^^^^^^^^^^^^^^^^^^^^^^^^^^^^
  File "/home/dkzou/.cache/uv/archive-v0/rfL-3reDUgy1RTx3x1tlo/lib/python3.11/site-packages/solidlsp/ls.py", line 326, in create_launch_command
    core_path = self._get_or_install_core_dependency()
                ^^^^^^^^^^^^^^^^^^^^^^^^^^^^^^^^^^^^^^
  File "/home/dkzou/.cache/uv/archive-v0/rfL-3reDUgy1RTx3x1tlo/lib/python3.11/site-packages/solidlsp/language_servers/typescript_language_server.py", line 173, in _get_or_install_core_dependency
    assert is_node_installed, "node is not installed or isn't in PATH. Please install NodeJS and try again."
           ^^^^^^^^^^^^^^^^^
AssertionError: node is not installed or isn't in PATH. Please install NodeJS and try again.
ERROR 2026-04-14 09:28:48,774 serena.agent:__exit__:342 - Language server initialization failed after 0.120 seconds
ERROR 2026-04-14 09:28:48,774 serena.task_executor:__exit__:342 - Task-1:init_language_server_manager failed after 0.121 seconds
ERROR 2026-04-14 09:28:48,774 serena.task_executor:run_task:62 - Error during execution of Task-1:init_language_server_manager: Failed to start 1 language server(s):
typescript: node is not installed or isn't in PATH. Please install NodeJS and try again.
Traceback (most recent call last):
  File "/home/dkzou/.cache/uv/archive-v0/rfL-3reDUgy1RTx3x1tlo/lib/python3.11/site-packages/serena/task_executor.py", line 57, in run_task
    result = self._function()
             ^^^^^^^^^^^^^^^^
  File "/home/dkzou/.cache/uv/archive-v0/rfL-3reDUgy1RTx3x1tlo/lib/python3.11/site-packages/serena/agent.py", line 846, in init_language_server_manager
    self.reset_language_server_manager()
  File "/home/dkzou/.cache/uv/archive-v0/rfL-3reDUgy1RTx3x1tlo/lib/python3.11/site-packages/serena/agent.py", line 955, in reset_language_server_manager
    self.get_active_project_or_raise().create_language_server_manager()
  File "/home/dkzou/.cache/uv/archive-v0/rfL-3reDUgy1RTx3x1tlo/lib/python3.11/site-packages/serena/project.py", line 649, in create_language_server_manager
    self.language_server_manager = LanguageServerManager.from_languages(self.project_config.languages, factory)
                                   ^^^^^^^^^^^^^^^^^^^^^^^^^^^^^^^^^^^^^^^^^^^^^^^^^^^^^^^^^^^^^^^^^^^^^^^^^^^^
  File "/home/dkzou/.cache/uv/archive-v0/rfL-3reDUgy1RTx3x1tlo/lib/python3.11/site-packages/serena/ls_manager.py", line 142, in from_languages
    raise LanguageServerManagerInitialisationError(f"Failed to start {len(exceptions)} language server(s):\n{failure_messages}")
serena.ls_manager.LanguageServerManagerInitialisationError: Failed to start 1 language server(s):
typescript: node is not installed or isn't in PATH. Please install NodeJS and try again.
INFO  2026-04-14 09:28:49,598 serena.cli:health_check:895 - SerenaAgent created successfully
INFO  2026-04-14 09:28:49,598 serena.cli:health_check:898 - Searching for analyzable files...
INFO  2026-04-14 09:28:49,704 serena.cli:health_check:907 - Found analyzable file: apps/api/src/index.ts
INFO  2026-04-14 09:28:49,704 serena.cli:health_check:925 - Testing GetSymbolsOverviewTool on file: apps/api/src/index.ts
INFO  2026-04-14 09:28:49,705 serena.task_executor:issue_task:192 - Scheduling Task-2:<lambda>
INFO  2026-04-14 09:28:49,776 serena.task_executor:_process_task_queue:123 - Starting execution of Task-2:<lambda>
INFO  2026-04-14 09:28:49,776 serena.task_executor:start:329 - Task-2:<lambda> starting ...
ERROR 2026-04-14 09:28:49,777 serena.task_executor:__exit__:342 - Task-2:<lambda> failed after 0.001 seconds
ERROR 2026-04-14 09:28:49,777 serena.task_executor:run_task:62 - Error during execution of Task-2:<lambda>: The language server manager is not initialized, indicating a problem during project initialisation.
Failed to start 1 language server(s):
typescript: node is not installed or isn't in PATH. Please install NodeJS and try again.
For details, please check the logs. Unfortunately, logs are not available. We recommend enabling the web dashboard/logging in general.
IMPORTANT: Stop, do not attempt workarounds. Inform the user and wait for further instructions before you continue!
Traceback (most recent call last):
  File "/home/dkzou/.cache/uv/archive-v0/rfL-3reDUgy1RTx3x1tlo/lib/python3.11/site-packages/serena/task_executor.py", line 57, in run_task
    result = self._function()
             ^^^^^^^^^^^^^^^^
  File "/home/dkzou/.cache/uv/archive-v0/rfL-3reDUgy1RTx3x1tlo/lib/python3.11/site-packages/serena/cli.py", line 926, in <lambda>
    overview_data = agent.execute_task(lambda: overview_tool.get_symbol_overview(target_file))
                                               ^^^^^^^^^^^^^^^^^^^^^^^^^^^^^^^^^^^^^^^^^^^^^^
  File "/home/dkzou/.cache/uv/archive-v0/rfL-3reDUgy1RTx3x1tlo/lib/python3.11/site-packages/serena/tools/symbol_tools.py", line 87, in get_symbol_overview
    symbol_retriever = self.create_language_server_symbol_retriever()
                       ^^^^^^^^^^^^^^^^^^^^^^^^^^^^^^^^^^^^^^^^^^^^^^
  File "/home/dkzou/.cache/uv/archive-v0/rfL-3reDUgy1RTx3x1tlo/lib/python3.11/site-packages/serena/tools/tools_base.py", line 54, in create_language_server_symbol_retriever
    return LanguageServerSymbolRetriever(self.project)
           ^^^^^^^^^^^^^^^^^^^^^^^^^^^^^^^^^^^^^^^^^^^
  File "/home/dkzou/.cache/uv/archive-v0/rfL-3reDUgy1RTx3x1tlo/lib/python3.11/site-packages/serena/symbol.py", line 565, in __init__
    self._ls_manager: LanguageServerManager = project.get_language_server_manager_or_raise()
                                              ^^^^^^^^^^^^^^^^^^^^^^^^^^^^^^^^^^^^^^^^^^^^^^
  File "/home/dkzou/.cache/uv/archive-v0/rfL-3reDUgy1RTx3x1tlo/lib/python3.11/site-packages/serena/project.py", line 665, in get_language_server_manager_or_raise
    raise Exception(msg.build())
Exception: The language server manager is not initialized, indicating a problem during project initialisation.
Failed to start 1 language server(s):
typescript: node is not installed or isn't in PATH. Please install NodeJS and try again.
For details, please check the logs. Unfortunately, logs are not available. We recommend enabling the web dashboard/logging in general.
IMPORTANT: Stop, do not attempt workarounds. Inform the user and wait for further instructions before you continue!
ERROR 2026-04-14 09:28:49,779 serena.cli:health_check:1000 - Health check failed with exception: The language server manager is not initialized, indicating a problem during project initialisation.
Failed to start 1 language server(s):
typescript: node is not installed or isn't in PATH. Please install NodeJS and try again.
For details, please check the logs. Unfortunately, logs are not available. We recommend enabling the web dashboard/logging in general.
IMPORTANT: Stop, do not attempt workarounds. Inform the user and wait for further instructions before you continue!
Traceback (most recent call last):
  File "/home/dkzou/.cache/uv/archive-v0/rfL-3reDUgy1RTx3x1tlo/lib/python3.11/site-packages/serena/cli.py", line 926, in health_check
    overview_data = agent.execute_task(lambda: overview_tool.get_symbol_overview(target_file))
                    ^^^^^^^^^^^^^^^^^^^^^^^^^^^^^^^^^^^^^^^^^^^^^^^^^^^^^^^^^^^^^^^^^^^^^^^^^^
  File "/home/dkzou/.cache/uv/archive-v0/rfL-3reDUgy1RTx3x1tlo/lib/python3.11/site-packages/serena/agent.py", line 801, in execute_task
    return self._task_executor.execute_task(task, name=name, logged=logged, timeout=timeout)
           ^^^^^^^^^^^^^^^^^^^^^^^^^^^^^^^^^^^^^^^^^^^^^^^^^^^^^^^^^^^^^^^^^^^^^^^^^^^^^^^^^
  File "/home/dkzou/.cache/uv/archive-v0/rfL-3reDUgy1RTx3x1tlo/lib/python3.11/site-packages/serena/task_executor.py", line 209, in execute_task
    return task_obj.result()
           ^^^^^^^^^^^^^^^^^
  File "/home/dkzou/.cache/uv/archive-v0/rfL-3reDUgy1RTx3x1tlo/lib/python3.11/site-packages/serena/task_executor.py", line 85, in result
    return self.future.result(timeout=timeout)
           ^^^^^^^^^^^^^^^^^^^^^^^^^^^^^^^^^^^
  File "/home/dkzou/.local/share/uv/python/cpython-3.11.15-linux-x86_64-gnu/lib/python3.11/concurrent/futures/_base.py", line 456, in result
    return self.__get_result()
           ^^^^^^^^^^^^^^^^^^^
  File "/home/dkzou/.local/share/uv/python/cpython-3.11.15-linux-x86_64-gnu/lib/python3.11/concurrent/futures/_base.py", line 401, in __get_result
    raise self._exception
  File "/home/dkzou/.cache/uv/archive-v0/rfL-3reDUgy1RTx3x1tlo/lib/python3.11/site-packages/serena/task_executor.py", line 57, in run_task
    result = self._function()
             ^^^^^^^^^^^^^^^^
  File "/home/dkzou/.cache/uv/archive-v0/rfL-3reDUgy1RTx3x1tlo/lib/python3.11/site-packages/serena/cli.py", line 926, in <lambda>
    overview_data = agent.execute_task(lambda: overview_tool.get_symbol_overview(target_file))
                                               ^^^^^^^^^^^^^^^^^^^^^^^^^^^^^^^^^^^^^^^^^^^^^^
  File "/home/dkzou/.cache/uv/archive-v0/rfL-3reDUgy1RTx3x1tlo/lib/python3.11/site-packages/serena/tools/symbol_tools.py", line 87, in get_symbol_overview
    symbol_retriever = self.create_language_server_symbol_retriever()
                       ^^^^^^^^^^^^^^^^^^^^^^^^^^^^^^^^^^^^^^^^^^^^^^
  File "/home/dkzou/.cache/uv/archive-v0/rfL-3reDUgy1RTx3x1tlo/lib/python3.11/site-packages/serena/tools/tools_base.py", line 54, in create_language_server_symbol_retriever
    return LanguageServerSymbolRetriever(self.project)
           ^^^^^^^^^^^^^^^^^^^^^^^^^^^^^^^^^^^^^^^^^^^
  File "/home/dkzou/.cache/uv/archive-v0/rfL-3reDUgy1RTx3x1tlo/lib/python3.11/site-packages/serena/symbol.py", line 565, in __init__
    self._ls_manager: LanguageServerManager = project.get_language_server_manager_or_raise()
                                              ^^^^^^^^^^^^^^^^^^^^^^^^^^^^^^^^^^^^^^^^^^^^^^
  File "/home/dkzou/.cache/uv/archive-v0/rfL-3reDUgy1RTx3x1tlo/lib/python3.11/site-packages/serena/project.py", line 665, in get_language_server_manager_or_raise
    raise Exception(msg.build())
Exception: The language server manager is not initialized, indicating a problem during project initialisation.
Failed to start 1 language server(s):
typescript: node is not installed or isn't in PATH. Please install NodeJS and try again.
For details, please check the logs. Unfortunately, logs are not available. We recommend enabling the web dashboard/logging in general.
IMPORTANT: Stop, do not attempt workarounds. Inform the user and wait for further instructions before you continue!
